<?xml version="1.0" encoding="UTF-8"?>
<!-- Generated by org.testng.reporters.JUnitReportReporter -->
<testsuite hostname="DESKTOP-PTK79Q3" failures="0" tests="2" name="com.bitm.OrangeHRMAutomation.Test.TestLogin" time="34.832" errors="0" timestamp="2020-04-03T12:00:02 OMST" skipped="0">
  <testcase classname="com.bitm.OrangeHRMAutomation.Test.TestLogin" name="checkloginpagetitle" time="26.770"/>
  <system-out/>
  <testcase classname="com.bitm.OrangeHRMAutomation.Test.TestLogin" name="logintest" time="8.062"/>
  <system-out/>
</testsuite> <!-- com.bitm.OrangeHRMAutomation.Test.TestLogin -->
