<?xml version="1.0" encoding="UTF-8"?>
<!-- Generated by org.testng.reporters.JUnitReportReporter -->
<testsuite hostname="DESKTOP-PTK79Q3" failures="0" tests="2" name="com.bitm.OrangeHRMAutomation.Test.LoginTest" time="27.560" errors="0" timestamp="2020-04-03T19:58:50 OMST" skipped="0">
  <testcase classname="com.bitm.OrangeHRMAutomation.Test.LoginTest" name="checkloginpagetitle" time="21.441"/>
  <system-out/>
  <testcase classname="com.bitm.OrangeHRMAutomation.Test.LoginTest" name="logintest" time="6.119"/>
  <system-out/>
</testsuite> <!-- com.bitm.OrangeHRMAutomation.Test.LoginTest -->
